13/06/2016 14:49:26 devpinoyLogger LoginTest----openBrowser-----------------Browser--- 
13/06/2016 14:49:26 devpinoyLogger Opening BrowserMozilla
13/06/2016 14:49:39 devpinoyLogger LoginTest----navigate-----------Environment--------- 
13/06/2016 14:49:39 devpinoyLogger link value=Environment
13/06/2016 14:49:39 devpinoyLogger Openined URL:https://supplierconn.mybluemix.net/SupplierConnection/login.action
13/06/2016 14:50:06 devpinoyLogger LoginTest----waitForElementPresence-----------login_submit_xpath--------- 
13/06/2016 14:50:06 devpinoyLogger Wait till element visiblelogin_submit_xpath
13/06/2016 14:50:06 devpinoyLogger LoginTest----input-----------username_xpath------Username--- 
13/06/2016 14:50:06 devpinoyLogger Enter textu2inusername_xpath
13/06/2016 14:50:06 devpinoyLogger LoginTest----input-----------password_xpath------Password--- 
13/06/2016 14:50:06 devpinoyLogger Enter texttest12345inpassword_xpath
13/06/2016 14:50:06 devpinoyLogger LoginTest----click-----------login_submit_xpath--------- 
13/06/2016 14:50:06 devpinoyLogger Click onlogin_submit_xpath
13/06/2016 14:50:06 devpinoyLogger LoginTest----waitfor-------------------- 
13/06/2016 14:50:06 devpinoyLogger Calling implicit wait
13/06/2016 14:50:07 devpinoyLogger LoginTest----loginValidation-----------------Flag--- 
13/06/2016 14:50:07 devpinoyLogger Validating login credentials for flag setN
13/06/2016 14:50:07 devpinoyLogger inside loginvalidation
13/06/2016 14:50:08 devpinoyLogger insideLogin_invalidemail_xpath for Incorrect Email or Password 
13/06/2016 14:50:09 devpinoyLogger Please enter a valid Email address
13/06/2016 14:50:12 devpinoyLogger LoginTest----closeBrowser-------------------- 
13/06/2016 14:50:12 devpinoyLogger Closing Browser
13/06/2016 14:50:12 devpinoyLogger LoginTest----openBrowser-----------------Browser--- 
13/06/2016 14:50:12 devpinoyLogger Opening BrowserMozilla
